<?xml version="1.0" encoding="UTF-8"?>
<testng-results ignored="0" total="1" passed="1" failed="0" skipped="0">
  <reporter-output>
  </reporter-output>
  <suite started-at="2020-11-16T16:09:48 IST" name="Command line suite" finished-at="2020-11-16T16:10:02 IST" duration-ms="13911">
    <groups>
    </groups>
    <test started-at="2020-11-16T16:09:48 IST" name="Command line test" finished-at="2020-11-16T16:10:02 IST" duration-ms="13911">
      <class name="com.month.Almonths">
        <test-method signature="getMonthsDetails()[pri:0, instance:com.month.Almonths@57fffcd7]" started-at="2020-11-16T16:09:48 IST" name="getMonthsDetails" finished-at="2020-11-16T16:10:02 IST" duration-ms="13825" status="PASS">
          <reporter-output>
          </reporter-output>
        </test-method> <!-- getMonthsDetails -->
      </class> <!-- com.month.Almonths -->
    </test> <!-- Command line test -->
  </suite> <!-- Command line suite -->
</testng-results>
